[0.209s] DEBUG:colcon:Command line arguments: ['/usr/bin/colcon', 'build']
[0.210s] DEBUG:colcon:Parsed command line arguments: Namespace(log_base=None, log_level=None, verb_name='build', build_base='build', install_base='install', merge_install=False, symlink_install=False, test_result_base=None, continue_on_error=False, executor='parallel', parallel_workers=8, event_handlers=None, ignore_user_meta=False, metas=['./colcon.meta'], base_paths=['.'], packages_ignore=None, packages_ignore_regex=None, paths=None, packages_up_to=None, packages_up_to_regex=None, packages_above=None, packages_above_and_dependencies=None, packages_above_depth=None, packages_select_by_dep=None, packages_skip_by_dep=None, packages_skip_up_to=None, packages_select_build_failed=False, packages_skip_build_finished=False, packages_select_test_failures=False, packages_skip_test_passed=False, packages_select=None, packages_skip=None, packages_select_regex=None, packages_skip_regex=None, packages_start=None, packages_end=None, allow_overriding=[], cmake_args=None, cmake_target=None, cmake_target_skip_unavailable=False, cmake_clean_cache=False, cmake_clean_first=False, cmake_force_configure=False, ament_cmake_args=None, catkin_cmake_args=None, catkin_skip_building_tests=False, verb_parser=<colcon_defaults.argument_parser.defaults.DefaultArgumentsDecorator object at 0x7cda1a40d900>, verb_extension=<colcon_core.verb.build.BuildVerb object at 0x7cda1a5a6e60>, main=<bound method BuildVerb.main of <colcon_core.verb.build.BuildVerb object at 0x7cda1a5a6e60>>)
[0.461s] Level 1:colcon.colcon_core.package_discovery:discover_packages(colcon_meta) check parameters
[0.461s] Level 1:colcon.colcon_core.package_discovery:discover_packages(recursive) check parameters
[0.461s] Level 1:colcon.colcon_core.package_discovery:discover_packages(ignore) check parameters
[0.461s] Level 1:colcon.colcon_core.package_discovery:discover_packages(path) check parameters
[0.461s] Level 1:colcon.colcon_core.package_discovery:discover_packages(colcon_meta) discover
[0.461s] Level 1:colcon.colcon_core.package_discovery:discover_packages(recursive) discover
[0.461s] INFO:colcon.colcon_core.package_discovery:Crawling recursively for packages in '/home/frantches/Workspaces/ros2_ws/packages'
[0.461s] Level 1:colcon.colcon_core.package_identification:_identify(.) by extensions ['ignore', 'ignore_ament_install']
[0.461s] Level 1:colcon.colcon_core.package_identification:_identify(.) by extension 'ignore'
[0.461s] Level 1:colcon.colcon_core.package_identification:_identify(.) by extension 'ignore_ament_install'
[0.461s] Level 1:colcon.colcon_core.package_identification:_identify(.) by extensions ['colcon_pkg']
[0.461s] Level 1:colcon.colcon_core.package_identification:_identify(.) by extension 'colcon_pkg'
[0.461s] Level 1:colcon.colcon_core.package_identification:_identify(.) by extensions ['colcon_meta']
[0.461s] Level 1:colcon.colcon_core.package_identification:_identify(.) by extension 'colcon_meta'
[0.461s] Level 1:colcon.colcon_core.package_identification:_identify(.) by extensions ['ros']
[0.461s] Level 1:colcon.colcon_core.package_identification:_identify(.) by extension 'ros'
[0.473s] Level 1:colcon.colcon_core.package_identification:_identify(.) by extensions ['cmake', 'python']
[0.474s] Level 1:colcon.colcon_core.package_identification:_identify(.) by extension 'cmake'
[0.474s] Level 1:colcon.colcon_core.package_identification:_identify(.) by extension 'python'
[0.474s] Level 1:colcon.colcon_core.package_identification:_identify(.) by extensions ['python_setup_py']
[0.474s] Level 1:colcon.colcon_core.package_identification:_identify(.) by extension 'python_setup_py'
[0.474s] Level 1:colcon.colcon_core.package_identification:_identify(build) by extensions ['ignore', 'ignore_ament_install']
[0.474s] Level 1:colcon.colcon_core.package_identification:_identify(build) by extension 'ignore'
[0.474s] Level 1:colcon.colcon_core.package_identification:_identify(build) ignored
[0.474s] Level 1:colcon.colcon_core.package_identification:_identify(install) by extensions ['ignore', 'ignore_ament_install']
[0.474s] Level 1:colcon.colcon_core.package_identification:_identify(install) by extension 'ignore'
[0.474s] Level 1:colcon.colcon_core.package_identification:_identify(install) ignored
[0.474s] Level 1:colcon.colcon_core.package_identification:_identify(log) by extensions ['ignore', 'ignore_ament_install']
[0.474s] Level 1:colcon.colcon_core.package_identification:_identify(log) by extension 'ignore'
[0.474s] Level 1:colcon.colcon_core.package_identification:_identify(log) ignored
[0.475s] Level 1:colcon.colcon_core.package_identification:_identify(src) by extensions ['ignore', 'ignore_ament_install']
[0.475s] Level 1:colcon.colcon_core.package_identification:_identify(src) by extension 'ignore'
[0.475s] Level 1:colcon.colcon_core.package_identification:_identify(src) by extension 'ignore_ament_install'
[0.475s] Level 1:colcon.colcon_core.package_identification:_identify(src) by extensions ['colcon_pkg']
[0.475s] Level 1:colcon.colcon_core.package_identification:_identify(src) by extension 'colcon_pkg'
[0.475s] Level 1:colcon.colcon_core.package_identification:_identify(src) by extensions ['colcon_meta']
[0.475s] Level 1:colcon.colcon_core.package_identification:_identify(src) by extension 'colcon_meta'
[0.475s] Level 1:colcon.colcon_core.package_identification:_identify(src) by extensions ['ros']
[0.475s] Level 1:colcon.colcon_core.package_identification:_identify(src) by extension 'ros'
[0.475s] Level 1:colcon.colcon_core.package_identification:_identify(src) by extensions ['cmake', 'python']
[0.475s] Level 1:colcon.colcon_core.package_identification:_identify(src) by extension 'cmake'
[0.475s] Level 1:colcon.colcon_core.package_identification:_identify(src) by extension 'python'
[0.475s] Level 1:colcon.colcon_core.package_identification:_identify(src) by extensions ['python_setup_py']
[0.475s] Level 1:colcon.colcon_core.package_identification:_identify(src) by extension 'python_setup_py'
[0.475s] Level 1:colcon.colcon_core.package_identification:_identify(src/uwaba_prototype_description) by extensions ['ignore', 'ignore_ament_install']
[0.475s] Level 1:colcon.colcon_core.package_identification:_identify(src/uwaba_prototype_description) by extension 'ignore'
[0.476s] Level 1:colcon.colcon_core.package_identification:_identify(src/uwaba_prototype_description) by extension 'ignore_ament_install'
[0.476s] Level 1:colcon.colcon_core.package_identification:_identify(src/uwaba_prototype_description) by extensions ['colcon_pkg']
[0.476s] Level 1:colcon.colcon_core.package_identification:_identify(src/uwaba_prototype_description) by extension 'colcon_pkg'
[0.476s] Level 1:colcon.colcon_core.package_identification:_identify(src/uwaba_prototype_description) by extensions ['colcon_meta']
[0.476s] Level 1:colcon.colcon_core.package_identification:_identify(src/uwaba_prototype_description) by extension 'colcon_meta'
[0.476s] Level 1:colcon.colcon_core.package_identification:_identify(src/uwaba_prototype_description) by extensions ['ros']
[0.476s] Level 1:colcon.colcon_core.package_identification:_identify(src/uwaba_prototype_description) by extension 'ros'
[0.478s] DEBUG:colcon.colcon_core.package_identification:Package 'src/uwaba_prototype_description' with type 'ros.ament_cmake' and name 'uwaba_prototype_description'
[0.478s] Level 1:colcon.colcon_core.package_discovery:discover_packages(recursive) using defaults
[0.479s] Level 1:colcon.colcon_core.package_discovery:discover_packages(ignore) discover
[0.479s] Level 1:colcon.colcon_core.package_discovery:discover_packages(ignore) using defaults
[0.479s] Level 1:colcon.colcon_core.package_discovery:discover_packages(path) discover
[0.479s] Level 1:colcon.colcon_core.package_discovery:discover_packages(path) using defaults
[0.511s] Level 1:colcon.colcon_core.package_discovery:discover_packages(prefix_path) check parameters
[0.511s] Level 1:colcon.colcon_core.package_discovery:discover_packages(prefix_path) discover
[0.515s] DEBUG:colcon.colcon_installed_package_information.package_discovery:Found 393 installed packages in /opt/ros/humble
[0.516s] Level 1:colcon.colcon_core.package_discovery:discover_packages(prefix_path) using defaults
[0.538s] ERROR:colcon.colcon_core.package_augmentation:Exception in package augmentation extension 'python': 
Traceback (most recent call last):
  File "/usr/lib/python3/dist-packages/colcon_core/package_augmentation/__init__.py", line 97, in augment_packages
    retval = extension.augment_packages(
  File "/usr/lib/python3/dist-packages/colcon_installed_package_information/package_augmentation/python.py", line 44, in augment_packages
    dist = next(iter(dists))
StopIteration

[0.546s] Level 5:colcon.colcon_core.verb:set package 'uwaba_prototype_description' build argument 'cmake_args' from command line to 'None'
[0.546s] Level 5:colcon.colcon_core.verb:set package 'uwaba_prototype_description' build argument 'cmake_target' from command line to 'None'
[0.546s] Level 5:colcon.colcon_core.verb:set package 'uwaba_prototype_description' build argument 'cmake_target_skip_unavailable' from command line to 'False'
[0.546s] Level 5:colcon.colcon_core.verb:set package 'uwaba_prototype_description' build argument 'cmake_clean_cache' from command line to 'False'
[0.546s] Level 5:colcon.colcon_core.verb:set package 'uwaba_prototype_description' build argument 'cmake_clean_first' from command line to 'False'
[0.546s] Level 5:colcon.colcon_core.verb:set package 'uwaba_prototype_description' build argument 'cmake_force_configure' from command line to 'False'
[0.546s] Level 5:colcon.colcon_core.verb:set package 'uwaba_prototype_description' build argument 'ament_cmake_args' from command line to 'None'
[0.546s] Level 5:colcon.colcon_core.verb:set package 'uwaba_prototype_description' build argument 'catkin_cmake_args' from command line to 'None'
[0.546s] Level 5:colcon.colcon_core.verb:set package 'uwaba_prototype_description' build argument 'catkin_skip_building_tests' from command line to 'False'
[0.546s] DEBUG:colcon.colcon_core.verb:Building package 'uwaba_prototype_description' with the following arguments: {'ament_cmake_args': None, 'build_base': '/home/frantches/Workspaces/ros2_ws/packages/build/uwaba_prototype_description', 'catkin_cmake_args': None, 'catkin_skip_building_tests': False, 'cmake_args': None, 'cmake_clean_cache': False, 'cmake_clean_first': False, 'cmake_force_configure': False, 'cmake_target': None, 'cmake_target_skip_unavailable': False, 'install_base': '/home/frantches/Workspaces/ros2_ws/packages/install/uwaba_prototype_description', 'merge_install': False, 'path': '/home/frantches/Workspaces/ros2_ws/packages/src/uwaba_prototype_description', 'symlink_install': False, 'test_result_base': None}
[0.546s] INFO:colcon.colcon_core.executor:Executing jobs using 'parallel' executor
[0.547s] DEBUG:colcon.colcon_parallel_executor.executor.parallel:run_until_complete
[0.547s] INFO:colcon.colcon_ros.task.ament_cmake.build:Building ROS package in '/home/frantches/Workspaces/ros2_ws/packages/src/uwaba_prototype_description' with build type 'ament_cmake'
[0.548s] INFO:colcon.colcon_cmake.task.cmake.build:Building CMake package in '/home/frantches/Workspaces/ros2_ws/packages/src/uwaba_prototype_description'
[0.552s] INFO:colcon.colcon_core.plugin_system:Skipping extension 'colcon_core.shell.bat': Not used on non-Windows systems
[0.552s] INFO:colcon.colcon_core.shell:Skip shell extension 'powershell' for command environment: Not usable outside of PowerShell
[0.552s] DEBUG:colcon.colcon_core.shell:Skip shell extension 'dsv' for command environment
[0.561s] DEBUG:colcon.colcon_core.event_handler.log_command:Invoking command in '/home/frantches/Workspaces/ros2_ws/packages/build/uwaba_prototype_description': CMAKE_PREFIX_PATH=/opt/ros/humble /usr/bin/cmake --build /home/frantches/Workspaces/ros2_ws/packages/build/uwaba_prototype_description -- -j8 -l8
[0.602s] DEBUG:colcon.colcon_core.event_handler.log_command:Invoked command in '/home/frantches/Workspaces/ros2_ws/packages/build/uwaba_prototype_description' returned '0': CMAKE_PREFIX_PATH=/opt/ros/humble /usr/bin/cmake --build /home/frantches/Workspaces/ros2_ws/packages/build/uwaba_prototype_description -- -j8 -l8
[0.624s] DEBUG:colcon.colcon_core.event_handler.log_command:Invoking command in '/home/frantches/Workspaces/ros2_ws/packages/build/uwaba_prototype_description': CMAKE_PREFIX_PATH=/opt/ros/humble /usr/bin/cmake --install /home/frantches/Workspaces/ros2_ws/packages/build/uwaba_prototype_description
[0.633s] Level 1:colcon.colcon_core.environment:create_environment_scripts_only(uwaba_prototype_description)
[0.633s] DEBUG:colcon.colcon_core.event_handler.log_command:Invoked command in '/home/frantches/Workspaces/ros2_ws/packages/build/uwaba_prototype_description' returned '0': CMAKE_PREFIX_PATH=/opt/ros/humble /usr/bin/cmake --install /home/frantches/Workspaces/ros2_ws/packages/build/uwaba_prototype_description
[0.637s] Level 1:colcon.colcon_core.environment:checking '/home/frantches/Workspaces/ros2_ws/packages/install/uwaba_prototype_description' for CMake module files
[0.638s] Level 1:colcon.colcon_core.environment:checking '/home/frantches/Workspaces/ros2_ws/packages/install/uwaba_prototype_description' for CMake config files
[0.638s] Level 1:colcon.colcon_core.shell:create_environment_hook('uwaba_prototype_description', 'cmake_prefix_path')
[0.639s] INFO:colcon.colcon_core.shell:Creating environment hook '/home/frantches/Workspaces/ros2_ws/packages/install/uwaba_prototype_description/share/uwaba_prototype_description/hook/cmake_prefix_path.ps1'
[0.640s] INFO:colcon.colcon_core.shell:Creating environment descriptor '/home/frantches/Workspaces/ros2_ws/packages/install/uwaba_prototype_description/share/uwaba_prototype_description/hook/cmake_prefix_path.dsv'
[0.641s] INFO:colcon.colcon_core.shell:Creating environment hook '/home/frantches/Workspaces/ros2_ws/packages/install/uwaba_prototype_description/share/uwaba_prototype_description/hook/cmake_prefix_path.sh'
[0.642s] Level 1:colcon.colcon_core.environment:checking '/home/frantches/Workspaces/ros2_ws/packages/install/uwaba_prototype_description/bin'
[0.642s] Level 1:colcon.colcon_core.environment:checking '/home/frantches/Workspaces/ros2_ws/packages/install/uwaba_prototype_description/lib/pkgconfig/uwaba_prototype_description.pc'
[0.642s] Level 1:colcon.colcon_core.environment:checking '/home/frantches/Workspaces/ros2_ws/packages/install/uwaba_prototype_description/lib/python3.10/site-packages'
[0.643s] Level 1:colcon.colcon_core.environment:checking '/home/frantches/Workspaces/ros2_ws/packages/install/uwaba_prototype_description/bin'
[0.643s] INFO:colcon.colcon_core.shell:Creating package script '/home/frantches/Workspaces/ros2_ws/packages/install/uwaba_prototype_description/share/uwaba_prototype_description/package.ps1'
[0.644s] INFO:colcon.colcon_core.shell:Creating package descriptor '/home/frantches/Workspaces/ros2_ws/packages/install/uwaba_prototype_description/share/uwaba_prototype_description/package.dsv'
[0.645s] INFO:colcon.colcon_core.shell:Creating package script '/home/frantches/Workspaces/ros2_ws/packages/install/uwaba_prototype_description/share/uwaba_prototype_description/package.sh'
[0.646s] INFO:colcon.colcon_core.shell:Creating package script '/home/frantches/Workspaces/ros2_ws/packages/install/uwaba_prototype_description/share/uwaba_prototype_description/package.bash'
[0.648s] INFO:colcon.colcon_core.shell:Creating package script '/home/frantches/Workspaces/ros2_ws/packages/install/uwaba_prototype_description/share/uwaba_prototype_description/package.zsh'
[0.649s] Level 1:colcon.colcon_core.environment:create_file_with_runtime_dependencies(/home/frantches/Workspaces/ros2_ws/packages/install/uwaba_prototype_description/share/colcon-core/packages/uwaba_prototype_description)
[0.666s] Level 1:colcon.colcon_core.environment:create_environment_scripts_only(uwaba_prototype_description)
[0.667s] Level 1:colcon.colcon_core.environment:checking '/home/frantches/Workspaces/ros2_ws/packages/install/uwaba_prototype_description' for CMake module files
[0.668s] Level 1:colcon.colcon_core.environment:checking '/home/frantches/Workspaces/ros2_ws/packages/install/uwaba_prototype_description' for CMake config files
[0.668s] Level 1:colcon.colcon_core.shell:create_environment_hook('uwaba_prototype_description', 'cmake_prefix_path')
[0.668s] INFO:colcon.colcon_core.shell:Creating environment hook '/home/frantches/Workspaces/ros2_ws/packages/install/uwaba_prototype_description/share/uwaba_prototype_description/hook/cmake_prefix_path.ps1'
[0.669s] INFO:colcon.colcon_core.shell:Creating environment descriptor '/home/frantches/Workspaces/ros2_ws/packages/install/uwaba_prototype_description/share/uwaba_prototype_description/hook/cmake_prefix_path.dsv'
[0.669s] INFO:colcon.colcon_core.shell:Creating environment hook '/home/frantches/Workspaces/ros2_ws/packages/install/uwaba_prototype_description/share/uwaba_prototype_description/hook/cmake_prefix_path.sh'
[0.670s] Level 1:colcon.colcon_core.environment:checking '/home/frantches/Workspaces/ros2_ws/packages/install/uwaba_prototype_description/bin'
[0.670s] Level 1:colcon.colcon_core.environment:checking '/home/frantches/Workspaces/ros2_ws/packages/install/uwaba_prototype_description/lib/pkgconfig/uwaba_prototype_description.pc'
[0.670s] Level 1:colcon.colcon_core.environment:checking '/home/frantches/Workspaces/ros2_ws/packages/install/uwaba_prototype_description/lib/python3.10/site-packages'
[0.671s] Level 1:colcon.colcon_core.environment:checking '/home/frantches/Workspaces/ros2_ws/packages/install/uwaba_prototype_description/bin'
[0.671s] INFO:colcon.colcon_core.shell:Creating package script '/home/frantches/Workspaces/ros2_ws/packages/install/uwaba_prototype_description/share/uwaba_prototype_description/package.ps1'
[0.672s] INFO:colcon.colcon_core.shell:Creating package descriptor '/home/frantches/Workspaces/ros2_ws/packages/install/uwaba_prototype_description/share/uwaba_prototype_description/package.dsv'
[0.672s] INFO:colcon.colcon_core.shell:Creating package script '/home/frantches/Workspaces/ros2_ws/packages/install/uwaba_prototype_description/share/uwaba_prototype_description/package.sh'
[0.673s] INFO:colcon.colcon_core.shell:Creating package script '/home/frantches/Workspaces/ros2_ws/packages/install/uwaba_prototype_description/share/uwaba_prototype_description/package.bash'
[0.673s] INFO:colcon.colcon_core.shell:Creating package script '/home/frantches/Workspaces/ros2_ws/packages/install/uwaba_prototype_description/share/uwaba_prototype_description/package.zsh'
[0.674s] Level 1:colcon.colcon_core.environment:create_file_with_runtime_dependencies(/home/frantches/Workspaces/ros2_ws/packages/install/uwaba_prototype_description/share/colcon-core/packages/uwaba_prototype_description)
[0.674s] DEBUG:colcon.colcon_parallel_executor.executor.parallel:closing loop
[0.674s] DEBUG:colcon.colcon_parallel_executor.executor.parallel:loop closed
[0.675s] DEBUG:colcon.colcon_parallel_executor.executor.parallel:run_until_complete finished with '0'
[0.675s] DEBUG:colcon.colcon_core.event_reactor:joining thread
[0.681s] INFO:colcon.colcon_core.plugin_system:Skipping extension 'colcon_notification.desktop_notification.terminal_notifier': Not used on non-Darwin systems
[0.681s] INFO:colcon.colcon_core.plugin_system:Skipping extension 'colcon_notification.desktop_notification.win32': Not used on non-Windows systems
[0.681s] INFO:colcon.colcon_notification.desktop_notification:Sending desktop notification using 'notify2'
[0.702s] DEBUG:colcon.colcon_core.event_reactor:joined thread
[0.702s] INFO:colcon.colcon_core.shell:Creating prefix script '/home/frantches/Workspaces/ros2_ws/packages/install/local_setup.ps1'
[0.703s] INFO:colcon.colcon_core.shell:Creating prefix util module '/home/frantches/Workspaces/ros2_ws/packages/install/_local_setup_util_ps1.py'
[0.705s] INFO:colcon.colcon_core.shell:Creating prefix chain script '/home/frantches/Workspaces/ros2_ws/packages/install/setup.ps1'
[0.706s] INFO:colcon.colcon_core.shell:Creating prefix script '/home/frantches/Workspaces/ros2_ws/packages/install/local_setup.sh'
[0.707s] INFO:colcon.colcon_core.shell:Creating prefix util module '/home/frantches/Workspaces/ros2_ws/packages/install/_local_setup_util_sh.py'
[0.708s] INFO:colcon.colcon_core.shell:Creating prefix chain script '/home/frantches/Workspaces/ros2_ws/packages/install/setup.sh'
[0.709s] INFO:colcon.colcon_core.shell:Creating prefix script '/home/frantches/Workspaces/ros2_ws/packages/install/local_setup.bash'
[0.710s] INFO:colcon.colcon_core.shell:Creating prefix chain script '/home/frantches/Workspaces/ros2_ws/packages/install/setup.bash'
[0.712s] INFO:colcon.colcon_core.shell:Creating prefix script '/home/frantches/Workspaces/ros2_ws/packages/install/local_setup.zsh'
[0.712s] INFO:colcon.colcon_core.shell:Creating prefix chain script '/home/frantches/Workspaces/ros2_ws/packages/install/setup.zsh'
