[1.123s] DEBUG:colcon:Command line arguments: ['/usr/bin/colcon', 'list', '-p', '--base-paths', '/home/frantches/Workspaces/ros2_ws/packages']
[1.123s] DEBUG:colcon:Parsed command line arguments: Namespace(log_base=None, log_level=None, verb_name='list', build_base='build', ignore_user_meta=False, metas=['./colcon.meta'], base_paths=['/home/frantches/Workspaces/ros2_ws/packages'], packages_ignore=None, packages_ignore_regex=None, paths=None, packages_up_to=None, packages_up_to_regex=None, packages_above=None, packages_above_and_dependencies=None, packages_above_depth=None, packages_select_by_dep=None, packages_skip_by_dep=None, packages_skip_up_to=None, packages_select_build_failed=False, packages_skip_build_finished=False, packages_select_test_failures=False, packages_skip_test_passed=False, packages_select=None, packages_skip=None, packages_select_regex=None, packages_skip_regex=None, packages_start=None, packages_end=None, allow_overriding=[], topological_order=False, names_only=False, paths_only=True, topological_graph=False, topological_graph_dot=False, topological_graph_density=False, topological_graph_legend=False, topological_graph_dot_cluster=False, topological_graph_dot_include_skipped=False, verb_parser=<colcon_defaults.argument_parser.defaults.DefaultArgumentsDecorator object at 0x79e136df2b90>, verb_extension=<colcon_package_information.verb.list.ListVerb object at 0x79e136df1c00>, main=<bound method ListVerb.main of <colcon_package_information.verb.list.ListVerb object at 0x79e136df1c00>>)
[1.180s] Level 1:colcon.colcon_core.package_discovery:discover_packages(colcon_meta) check parameters
[1.180s] Level 1:colcon.colcon_core.package_discovery:discover_packages(recursive) check parameters
[1.180s] Level 1:colcon.colcon_core.package_discovery:discover_packages(ignore) check parameters
[1.180s] Level 1:colcon.colcon_core.package_discovery:discover_packages(path) check parameters
[1.180s] Level 1:colcon.colcon_core.package_discovery:discover_packages(recursive) discover
[1.180s] INFO:colcon.colcon_core.package_discovery:Crawling recursively for packages in '/home/frantches/Workspaces/ros2_ws/packages'
[1.180s] Level 1:colcon.colcon_core.package_identification:_identify(/home/frantches/Workspaces/ros2_ws/packages) by extensions ['ignore', 'ignore_ament_install']
[1.180s] Level 1:colcon.colcon_core.package_identification:_identify(/home/frantches/Workspaces/ros2_ws/packages) by extension 'ignore'
[1.181s] Level 1:colcon.colcon_core.package_identification:_identify(/home/frantches/Workspaces/ros2_ws/packages) by extension 'ignore_ament_install'
[1.181s] Level 1:colcon.colcon_core.package_identification:_identify(/home/frantches/Workspaces/ros2_ws/packages) by extensions ['colcon_pkg']
[1.181s] Level 1:colcon.colcon_core.package_identification:_identify(/home/frantches/Workspaces/ros2_ws/packages) by extension 'colcon_pkg'
[1.181s] Level 1:colcon.colcon_core.package_identification:_identify(/home/frantches/Workspaces/ros2_ws/packages) by extensions ['colcon_meta']
[1.181s] Level 1:colcon.colcon_core.package_identification:_identify(/home/frantches/Workspaces/ros2_ws/packages) by extension 'colcon_meta'
[1.181s] Level 1:colcon.colcon_core.package_identification:_identify(/home/frantches/Workspaces/ros2_ws/packages) by extensions ['ros']
[1.181s] Level 1:colcon.colcon_core.package_identification:_identify(/home/frantches/Workspaces/ros2_ws/packages) by extension 'ros'
[1.192s] Level 1:colcon.colcon_core.package_identification:_identify(/home/frantches/Workspaces/ros2_ws/packages) by extensions ['cmake', 'python']
[1.192s] Level 1:colcon.colcon_core.package_identification:_identify(/home/frantches/Workspaces/ros2_ws/packages) by extension 'cmake'
[1.192s] Level 1:colcon.colcon_core.package_identification:_identify(/home/frantches/Workspaces/ros2_ws/packages) by extension 'python'
[1.192s] Level 1:colcon.colcon_core.package_identification:_identify(/home/frantches/Workspaces/ros2_ws/packages) by extensions ['python_setup_py']
[1.192s] Level 1:colcon.colcon_core.package_identification:_identify(/home/frantches/Workspaces/ros2_ws/packages) by extension 'python_setup_py'
[1.192s] Level 1:colcon.colcon_core.package_identification:_identify(/home/frantches/Workspaces/ros2_ws/packages/log) by extensions ['ignore', 'ignore_ament_install']
[1.193s] Level 1:colcon.colcon_core.package_identification:_identify(/home/frantches/Workspaces/ros2_ws/packages/log) by extension 'ignore'
[1.193s] Level 1:colcon.colcon_core.package_identification:_identify(/home/frantches/Workspaces/ros2_ws/packages/log) ignored
[1.193s] Level 1:colcon.colcon_core.package_identification:_identify(/home/frantches/Workspaces/ros2_ws/packages/src) by extensions ['ignore', 'ignore_ament_install']
[1.193s] Level 1:colcon.colcon_core.package_identification:_identify(/home/frantches/Workspaces/ros2_ws/packages/src) by extension 'ignore'
[1.193s] Level 1:colcon.colcon_core.package_identification:_identify(/home/frantches/Workspaces/ros2_ws/packages/src) by extension 'ignore_ament_install'
[1.193s] Level 1:colcon.colcon_core.package_identification:_identify(/home/frantches/Workspaces/ros2_ws/packages/src) by extensions ['colcon_pkg']
[1.193s] Level 1:colcon.colcon_core.package_identification:_identify(/home/frantches/Workspaces/ros2_ws/packages/src) by extension 'colcon_pkg'
[1.193s] Level 1:colcon.colcon_core.package_identification:_identify(/home/frantches/Workspaces/ros2_ws/packages/src) by extensions ['colcon_meta']
[1.193s] Level 1:colcon.colcon_core.package_identification:_identify(/home/frantches/Workspaces/ros2_ws/packages/src) by extension 'colcon_meta'
[1.193s] Level 1:colcon.colcon_core.package_identification:_identify(/home/frantches/Workspaces/ros2_ws/packages/src) by extensions ['ros']
[1.193s] Level 1:colcon.colcon_core.package_identification:_identify(/home/frantches/Workspaces/ros2_ws/packages/src) by extension 'ros'
[1.193s] Level 1:colcon.colcon_core.package_identification:_identify(/home/frantches/Workspaces/ros2_ws/packages/src) by extensions ['cmake', 'python']
[1.193s] Level 1:colcon.colcon_core.package_identification:_identify(/home/frantches/Workspaces/ros2_ws/packages/src) by extension 'cmake'
[1.193s] Level 1:colcon.colcon_core.package_identification:_identify(/home/frantches/Workspaces/ros2_ws/packages/src) by extension 'python'
[1.193s] Level 1:colcon.colcon_core.package_identification:_identify(/home/frantches/Workspaces/ros2_ws/packages/src) by extensions ['python_setup_py']
[1.193s] Level 1:colcon.colcon_core.package_identification:_identify(/home/frantches/Workspaces/ros2_ws/packages/src) by extension 'python_setup_py'
[1.194s] Level 1:colcon.colcon_core.package_identification:_identify(/home/frantches/Workspaces/ros2_ws/packages/src/uWABA_prototype_description) by extensions ['ignore', 'ignore_ament_install']
[1.194s] Level 1:colcon.colcon_core.package_identification:_identify(/home/frantches/Workspaces/ros2_ws/packages/src/uWABA_prototype_description) by extension 'ignore'
[1.194s] Level 1:colcon.colcon_core.package_identification:_identify(/home/frantches/Workspaces/ros2_ws/packages/src/uWABA_prototype_description) by extension 'ignore_ament_install'
[1.194s] Level 1:colcon.colcon_core.package_identification:_identify(/home/frantches/Workspaces/ros2_ws/packages/src/uWABA_prototype_description) by extensions ['colcon_pkg']
[1.194s] Level 1:colcon.colcon_core.package_identification:_identify(/home/frantches/Workspaces/ros2_ws/packages/src/uWABA_prototype_description) by extension 'colcon_pkg'
[1.194s] Level 1:colcon.colcon_core.package_identification:_identify(/home/frantches/Workspaces/ros2_ws/packages/src/uWABA_prototype_description) by extensions ['colcon_meta']
[1.194s] Level 1:colcon.colcon_core.package_identification:_identify(/home/frantches/Workspaces/ros2_ws/packages/src/uWABA_prototype_description) by extension 'colcon_meta'
[1.194s] Level 1:colcon.colcon_core.package_identification:_identify(/home/frantches/Workspaces/ros2_ws/packages/src/uWABA_prototype_description) by extensions ['ros']
[1.194s] Level 1:colcon.colcon_core.package_identification:_identify(/home/frantches/Workspaces/ros2_ws/packages/src/uWABA_prototype_description) by extension 'ros'
[1.196s] DEBUG:colcon.colcon_core.package_identification:Package '/home/frantches/Workspaces/ros2_ws/packages/src/uWABA_prototype_description' with type 'ros.ament_cmake' and name 'uWABA_prototype_description'
[1.197s] Level 1:colcon.colcon_core.package_discovery:discover_packages(recursive) using defaults
